<?xml version="1.0" encoding="UTF-8"?>
<!-- Generated by org.testng.reporters.JUnitReportReporter -->
<testsuite hostname="OZL5353W" failures="0" tests="3" name="TestRunner.TestRunner" time="28.909" errors="0" timestamp="2022-10-19T11:17:16 IST" skipped="0">
  <testcase classname="TestRunner.TestRunner" name="runScenario" time="3.895"/>
  <system-out/>
  <testcase classname="TestRunner.TestRunner" name="runScenario" time="24.283"/>
  <system-out/>
  <testcase classname="TestRunner.TestRunner" name="runScenario" time="0.731"/>
  <system-out/>
</testsuite> <!-- TestRunner.TestRunner -->
